2026-01-28T16:42:19 - valutatrade.parser - INFO - Запускаем обновление курсов
2026-01-28T16:42:19 - valutatrade.parser - INFO - Старт обновления курсов (источники=CoinGecko,ExchangeRate-API)
2026-01-28T16:42:19 - valutatrade.parser - INFO - Получено 2 записей от CoinGecko
2026-01-28T16:42:19 - valutatrade.parser - ERROR - Не удалось получить данные от ExchangeRate-API: Ошибка при обращении к внешнему API: ExchangeRate-API: отсутствует API ключ. Добавьте EXCHANGERATE_API_KEY в .env
2026-01-28T16:42:19 - valutatrade.parser - INFO - Обновление завершено: сохранено 0 пар, ошибок: 1
2026-01-28T16:42:19 - valutatrade.parser - INFO - Источник CoinGecko → получено 2 курсов
2026-01-28T16:42:19 - valutatrade.parser - ERROR - Источник ExchangeRate-API не ответил: Ошибка при обращении к внешнему API: ExchangeRate-API: отсутствует API ключ. Добавьте EXCHANGERATE_API_KEY в .env
2026-01-28T16:42:19 - valutatrade.parser - INFO - Сохраняем 2 курсов в data/rates.json
2026-01-28T16:43:26 - valutatrade.parser - INFO - Запускаем обновление курсов
2026-01-28T16:43:26 - valutatrade.parser - INFO - Старт обновления курсов (источники=CoinGecko,ExchangeRate-API)
2026-01-28T16:43:27 - valutatrade.parser - INFO - Получено 2 записей от CoinGecko
2026-01-28T16:43:27 - valutatrade.parser - ERROR - Не удалось получить данные от ExchangeRate-API: Ошибка при обращении к внешнему API: ExchangeRate-API: отсутствует API ключ. Добавьте EXCHANGERATE_API_KEY в .env
2026-01-28T16:43:27 - valutatrade.parser - INFO - Обновление завершено: сохранено 0 пар, ошибок: 1
2026-01-28T16:43:27 - valutatrade.parser - INFO - Источник CoinGecko → получено 2 курсов
2026-01-28T16:43:27 - valutatrade.parser - ERROR - Источник ExchangeRate-API не ответил: Ошибка при обращении к внешнему API: ExchangeRate-API: отсутствует API ключ. Добавьте EXCHANGERATE_API_KEY в .env
2026-01-28T16:43:27 - valutatrade.parser - INFO - Сохраняем 2 курсов в data/rates.json
2026-01-28T16:48:14 - valutatrade.parser - INFO - Запускаем обновление курсов
2026-01-28T16:48:14 - valutatrade.parser - INFO - Старт обновления курсов (источники=CoinGecko,ExchangeRate-API)
2026-01-28T16:48:15 - valutatrade.parser - INFO - Получено 2 записей от CoinGecko
2026-01-28T16:48:15 - valutatrade.parser - INFO - Получено 7 записей от ExchangeRate-API
2026-01-28T16:48:15 - valutatrade.parser - INFO - Обновление завершено: сохранено 6 пар, ошибок: 0
2026-01-28T16:48:15 - valutatrade.parser - INFO - Источник CoinGecko → получено 2 курсов
2026-01-28T16:48:15 - valutatrade.parser - INFO - Источник ExchangeRate-API → получено 7 курсов
2026-01-28T16:48:15 - valutatrade.parser - INFO - Сохраняем 9 курсов в data/rates.json
2026-01-28T16:50:05 - valutatrade.parser - INFO - Запускаем обновление курсов
2026-01-28T16:50:05 - valutatrade.parser - INFO - Старт обновления курсов (источники=CoinGecko,ExchangeRate-API)
2026-01-28T16:50:06 - valutatrade.parser - INFO - Получено 2 записей от CoinGecko
2026-01-28T16:50:07 - valutatrade.parser - INFO - Получено 7 записей от ExchangeRate-API
2026-01-28T16:50:07 - valutatrade.parser - INFO - Обновление завершено: сохранено 6 пар, ошибок: 0
2026-01-28T16:50:07 - valutatrade.parser - INFO - Источник CoinGecko → получено 2 курсов
2026-01-28T16:50:07 - valutatrade.parser - INFO - Источник ExchangeRate-API → получено 7 курсов
2026-01-28T16:50:07 - valutatrade.parser - INFO - Сохраняем 9 курсов в data/rates.json
